Started GET "/" for ::1 at 2023-03-15 14:55:03 -0300
Started GET "/" for ::1 at 2023-03-15 14:55:03 -0300
Processing by Rails::WelcomeController#index as HTML
Processing by Rails::WelcomeController#index as HTML
  Rendering C:/Ruby32-x64/lib/ruby/gems/3.2.0/gems/railties-7.0.4.3/lib/rails/templates/rails/welcome/index.html.erb
  Rendering C:/Ruby32-x64/lib/ruby/gems/3.2.0/gems/railties-7.0.4.3/lib/rails/templates/rails/welcome/index.html.erb
  Rendered C:/Ruby32-x64/lib/ruby/gems/3.2.0/gems/railties-7.0.4.3/lib/rails/templates/rails/welcome/index.html.erb (Duration: 14.7ms | Allocations: 676)
Completed 200 OK in 96ms (Views: 37.9ms | ActiveRecord: 0.0ms | Allocations: 5967)


  Rendered C:/Ruby32-x64/lib/ruby/gems/3.2.0/gems/railties-7.0.4.3/lib/rails/templates/rails/welcome/index.html.erb (Duration: 10.9ms | Allocations: 689)
Completed 200 OK in 97ms (Views: 39.2ms | ActiveRecord: 0.0ms | Allocations: 6186)


Started GET "/articles" for ::1 at 2023-03-15 14:58:28 -0300
Processing by ArticlesController#index as HTML
  Rendering layout layouts/application.html.erb
  Rendering articles/index.html.erb within layouts/application
  Rendered articles/index.html.erb within layouts/application (Duration: 4.0ms | Allocations: 98)
  Rendered layout layouts/application.html.erb (Duration: 516.2ms | Allocations: 102431)
Completed 200 OK in 523ms (Views: 520.4ms | Allocations: 103314)


Started GET "/" for ::1 at 2023-03-15 14:59:26 -0300
Processing by ArticlesController#index as HTML
  Rendering layout layouts/application.html.erb
  Rendering articles/index.html.erb within layouts/application
  Rendered articles/index.html.erb within layouts/application (Duration: 0.1ms | Allocations: 10)
  Rendered layout layouts/application.html.erb (Duration: 27.0ms | Allocations: 15891)
Completed 200 OK in 31ms (Views: 28.3ms | Allocations: 16414)


Started GET "/" for ::1 at 2023-03-15 14:59:51 -0300
Processing by ArticlesController#index as HTML
  Rendering layout layouts/application.html.erb
  Rendering articles/index.html.erb within layouts/application
  Rendered articles/index.html.erb within layouts/application (Duration: 2.3ms | Allocations: 96)
  Rendered layout layouts/application.html.erb (Duration: 7.5ms | Allocations: 3036)
Completed 200 OK in 17ms (Views: 13.1ms | Allocations: 3773)


Started GET "/" for ::1 at 2023-03-15 15:03:07 -0300
  [1m[35m (9.1ms)[0m  [1m[35mCREATE TABLE "schema_migrations" ("version" varchar NOT NULL PRIMARY KEY)[0m
  [1m[35m (5.9ms)[0m  [1m[35mCREATE TABLE "ar_internal_metadata" ("key" varchar NOT NULL PRIMARY KEY, "value" varchar, "created_at" datetime(6) NOT NULL, "updated_at" datetime(6) NOT NULL)[0m
  [1m[36mActiveRecord::SchemaMigration Pluck (0.2ms)[0m  [1m[34mSELECT "schema_migrations"."version" FROM "schema_migrations" ORDER BY "schema_migrations"."version" ASC[0m
  
ActiveRecord::PendingMigrationError (

Migrations are pending. To resolve this issue, run:

        bin/rails db:migrate RAILS_ENV=development

You have 1 pending migration:

20230315180300_create_articles.rb


):
  
activerecord (7.0.4.3) lib/active_record/migration.rb:627:in `check_pending!'
activerecord (7.0.4.3) lib/active_record/migration.rb:592:in `block (2 levels) in call'
activesupport (7.0.4.3) lib/active_support/file_update_checker.rb:83:in `execute'
activesupport (7.0.4.3) lib/active_support/file_update_checker.rb:93:in `execute_if_updated'
activerecord (7.0.4.3) lib/active_record/migration.rb:599:in `block in call'
activerecord (7.0.4.3) lib/active_record/migration.rb:589:in `synchronize'
activerecord (7.0.4.3) lib/active_record/migration.rb:589:in `call'
actionpack (7.0.4.3) lib/action_dispatch/middleware/callbacks.rb:27:in `block in call'
activesupport (7.0.4.3) lib/active_support/callbacks.rb:99:in `run_callbacks'
actionpack (7.0.4.3) lib/action_dispatch/middleware/callbacks.rb:26:in `call'
actionpack (7.0.4.3) lib/action_dispatch/middleware/executor.rb:14:in `call'
actionpack (7.0.4.3) lib/action_dispatch/middleware/actionable_exceptions.rb:17:in `call'
actionpack (7.0.4.3) lib/action_dispatch/middleware/debug_exceptions.rb:28:in `call'
web-console (4.2.0) lib/web_console/middleware.rb:132:in `call_app'
web-console (4.2.0) lib/web_console/middleware.rb:28:in `block in call'
web-console (4.2.0) lib/web_console/middleware.rb:17:in `catch'
web-console (4.2.0) lib/web_console/middleware.rb:17:in `call'
actionpack (7.0.4.3) lib/action_dispatch/middleware/show_exceptions.rb:26:in `call'
railties (7.0.4.3) lib/rails/rack/logger.rb:40:in `call_app'
railties (7.0.4.3) lib/rails/rack/logger.rb:25:in `block in call'
activesupport (7.0.4.3) lib/active_support/tagged_logging.rb:99:in `block in tagged'
activesupport (7.0.4.3) lib/active_support/tagged_logging.rb:37:in `tagged'
activesupport (7.0.4.3) lib/active_support/tagged_logging.rb:99:in `tagged'
railties (7.0.4.3) lib/rails/rack/logger.rb:25:in `call'
sprockets-rails (3.4.2) lib/sprockets/rails/quiet_assets.rb:13:in `call'
actionpack (7.0.4.3) lib/action_dispatch/middleware/remote_ip.rb:93:in `call'
actionpack (7.0.4.3) lib/action_dispatch/middleware/request_id.rb:26:in `call'
rack (2.2.6.4) lib/rack/method_override.rb:24:in `call'
rack (2.2.6.4) lib/rack/runtime.rb:22:in `call'
activesupport (7.0.4.3) lib/active_support/cache/strategy/local_cache_middleware.rb:29:in `call'
actionpack (7.0.4.3) lib/action_dispatch/middleware/server_timing.rb:61:in `block in call'
actionpack (7.0.4.3) lib/action_dispatch/middleware/server_timing.rb:26:in `collect_events'
actionpack (7.0.4.3) lib/action_dispatch/middleware/server_timing.rb:60:in `call'
actionpack (7.0.4.3) lib/action_dispatch/middleware/executor.rb:14:in `call'
actionpack (7.0.4.3) lib/action_dispatch/middleware/static.rb:23:in `call'
rack (2.2.6.4) lib/rack/sendfile.rb:110:in `call'
actionpack (7.0.4.3) lib/action_dispatch/middleware/host_authorization.rb:137:in `call'
railties (7.0.4.3) lib/rails/engine.rb:530:in `call'
puma (5.6.5) lib/puma/configuration.rb:252:in `call'
puma (5.6.5) lib/puma/request.rb:77:in `block in handle_request'
puma (5.6.5) lib/puma/thread_pool.rb:340:in `with_force_shutdown'
puma (5.6.5) lib/puma/request.rb:76:in `handle_request'
puma (5.6.5) lib/puma/server.rb:443:in `process_client'
puma (5.6.5) lib/puma/thread_pool.rb:147:in `block in spawn_thread'
Started POST "/rails/actions" for ::1 at 2023-03-15 15:03:17 -0300
  [1m[36mActiveRecord::SchemaMigration Pluck (0.1ms)[0m  [1m[34mSELECT "schema_migrations"."version" FROM "schema_migrations" ORDER BY "schema_migrations"."version" ASC[0m
Migrating to CreateArticles (20230315180300)
  [1m[36mTRANSACTION (0.1ms)[0m  [1m[36mbegin transaction[0m
  [1m[35m (1.3ms)[0m  [1m[35mCREATE TABLE "articles" ("id" integer PRIMARY KEY AUTOINCREMENT NOT NULL, "title" varchar, "gender" varchar, "rate" float, "Description" text, "created_at" datetime(6) NOT NULL, "updated_at" datetime(6) NOT NULL)[0m
  [1m[36mActiveRecord::SchemaMigration Create (0.2ms)[0m  [1m[32mINSERT INTO "schema_migrations" ("version") VALUES (?)[0m  [["version", "20230315180300"]]
  [1m[36mTRANSACTION (3.7ms)[0m  [1m[36mcommit transaction[0m
  [1m[36mActiveRecord::InternalMetadata Load (0.3ms)[0m  [1m[34mSELECT "ar_internal_metadata".* FROM "ar_internal_metadata" WHERE "ar_internal_metadata"."key" = ? LIMIT ?[0m  [["key", "environment"], ["LIMIT", 1]]
  [1m[36mTRANSACTION (0.0ms)[0m  [1m[36mbegin transaction[0m
  [1m[36mActiveRecord::InternalMetadata Create (1.1ms)[0m  [1m[32mINSERT INTO "ar_internal_metadata" ("key", "value", "created_at", "updated_at") VALUES (?, ?, ?, ?)[0m  [["key", "environment"], ["value", "development"], ["created_at", "2023-03-15 18:03:18.013054"], ["updated_at", "2023-03-15 18:03:18.013054"]]
  [1m[36mTRANSACTION (3.2ms)[0m  [1m[36mcommit transaction[0m
  [1m[36mActiveRecord::SchemaMigration Pluck (0.1ms)[0m  [1m[34mSELECT "schema_migrations"."version" FROM "schema_migrations" ORDER BY "schema_migrations"."version" ASC[0m
Started GET "/" for ::1 at 2023-03-15 15:03:18 -0300
  [1m[36mActiveRecord::SchemaMigration Pluck (0.1ms)[0m  [1m[34mSELECT "schema_migrations"."version" FROM "schema_migrations" ORDER BY "schema_migrations"."version" ASC[0m
Processing by ArticlesController#index as HTML
  Rendering layout layouts/application.html.erb
  Rendering articles/index.html.erb within layouts/application
  Rendered articles/index.html.erb within layouts/application (Duration: 0.0ms | Allocations: 10)
  Rendered layout layouts/application.html.erb (Duration: 22.5ms | Allocations: 15868)
Completed 200 OK in 26ms (Views: 23.6ms | ActiveRecord: 0.0ms | Allocations: 16397)


Started GET "/" for ::1 at 2023-03-15 15:03:20 -0300
Processing by ArticlesController#index as HTML
  Rendering layout layouts/application.html.erb
  Rendering articles/index.html.erb within layouts/application
  Rendered articles/index.html.erb within layouts/application (Duration: 0.0ms | Allocations: 7)
  Rendered layout layouts/application.html.erb (Duration: 6.1ms | Allocations: 2666)
Completed 200 OK in 9ms (Views: 6.9ms | ActiveRecord: 0.0ms | Allocations: 2942)


Started GET "/" for ::1 at 2023-03-15 15:03:22 -0300
Processing by ArticlesController#index as HTML
  Rendering layout layouts/application.html.erb
  Rendering articles/index.html.erb within layouts/application
  Rendered articles/index.html.erb within layouts/application (Duration: 0.1ms | Allocations: 7)
  Rendered layout layouts/application.html.erb (Duration: 11.0ms | Allocations: 2700)
Completed 200 OK in 15ms (Views: 11.7ms | ActiveRecord: 0.0ms | Allocations: 2977)


  [1m[36mActiveRecord::SchemaMigration Pluck (0.1ms)[0m  [1m[34mSELECT "schema_migrations"."version" FROM "schema_migrations" ORDER BY "schema_migrations"."version" ASC[0m
  [1m[36mActiveRecord::InternalMetadata Load (0.1ms)[0m  [1m[34mSELECT "ar_internal_metadata".* FROM "ar_internal_metadata" WHERE "ar_internal_metadata"."key" = ? LIMIT ?[0m  [["key", "environment"], ["LIMIT", 1]]
  [1m[36mActiveRecord::SchemaMigration Pluck (0.1ms)[0m  [1m[34mSELECT "schema_migrations"."version" FROM "schema_migrations" ORDER BY "schema_migrations"."version" ASC[0m
Started GET "/" for ::1 at 2023-03-15 15:04:20 -0300
Processing by ArticlesController#index as HTML
  Rendering layout layouts/application.html.erb
  Rendering articles/index.html.erb within layouts/application
  Rendered articles/index.html.erb within layouts/application (Duration: 0.0ms | Allocations: 10)
  Rendered layout layouts/application.html.erb (Duration: 26.2ms | Allocations: 15841)
Completed 200 OK in 29ms (Views: 27.2ms | Allocations: 16363)


Started GET "/" for ::1 at 2023-03-15 15:08:47 -0300
Processing by ArticlesController#index as HTML
  Rendering layout layouts/application.html.erb
  Rendering articles/index.html.erb within layouts/application
  [1m[36mArticle Load (0.1ms)[0m  [1m[34mSELECT "articles".* FROM "articles"[0m
  ↳ app/views/articles/index.html.erb:6
  Rendered articles/index.html.erb within layouts/application (Duration: 3.5ms | Allocations: 1269)
  Rendered layout layouts/application.html.erb (Duration: 29.4ms | Allocations: 17122)
Completed 200 OK in 40ms (Views: 33.3ms | ActiveRecord: 0.4ms | Allocations: 18744)


Started GET "/articles/new" for ::1 at 2023-03-15 15:08:50 -0300
Processing by ArticlesController#new as HTML
  Rendering layout layouts/application.html.erb
  Rendering articles/new.html.erb within layouts/application
  Rendered articles/_form.html.erb (Duration: 70.5ms | Allocations: 5746)
  Rendered articles/new.html.erb within layouts/application (Duration: 72.3ms | Allocations: 6029)
  Rendered layout layouts/application.html.erb (Duration: 77.2ms | Allocations: 8559)
Completed 200 OK in 84ms (Views: 78.0ms | ActiveRecord: 0.4ms | Allocations: 12393)


Started POST "/articles" for ::1 at 2023-03-15 15:09:08 -0300
Processing by ArticlesController#create as TURBO_STREAM
  Parameters: {"authenticity_token"=>"[FILTERED]", "article"=>{"title"=>"jogo da velha", "gender"=>"acao", "rate"=>"0.9", "Description"=>"jogo da velha "}, "commit"=>"Create Article"}
  [1m[36mTRANSACTION (0.1ms)[0m  [1m[36mbegin transaction[0m
  ↳ app/controllers/articles_controller.rb:27:in `block in create'
  [1m[36mArticle Create (4.6ms)[0m  [1m[32mINSERT INTO "articles" ("title", "gender", "rate", "Description", "created_at", "updated_at") VALUES (?, ?, ?, ?, ?, ?)[0m  [["title", "jogo da velha"], ["gender", "acao"], ["rate", 0.9], ["Description", "jogo da velha "], ["created_at", "2023-03-15 18:09:09.001403"], ["updated_at", "2023-03-15 18:09:09.001403"]]
  ↳ app/controllers/articles_controller.rb:27:in `block in create'
  [1m[36mTRANSACTION (2.8ms)[0m  [1m[36mcommit transaction[0m
  ↳ app/controllers/articles_controller.rb:27:in `block in create'
Redirected to http://localhost:3000/articles/1
Completed 302 Found in 15ms (ActiveRecord: 7.4ms | Allocations: 2661)


Started GET "/articles/1" for ::1 at 2023-03-15 15:09:09 -0300
Processing by ArticlesController#show as TURBO_STREAM
  Parameters: {"id"=>"1"}
  [1m[36mArticle Load (0.2ms)[0m  [1m[34mSELECT "articles".* FROM "articles" WHERE "articles"."id" = ? LIMIT ?[0m  [["id", 1], ["LIMIT", 1]]
  ↳ app/controllers/articles_controller.rb:63:in `set_article'
  Rendering layout layouts/application.html.erb
  Rendering articles/show.html.erb within layouts/application
  Rendered articles/_article.html.erb (Duration: 0.5ms | Allocations: 229)
  Rendered articles/show.html.erb within layouts/application (Duration: 12.6ms | Allocations: 1461)
  Rendered layout layouts/application.html.erb (Duration: 17.6ms | Allocations: 3974)
Completed 200 OK in 23ms (Views: 18.5ms | ActiveRecord: 0.2ms | Allocations: 5575)


Started GET "/articles" for ::1 at 2023-03-15 15:09:15 -0300
Processing by ArticlesController#index as HTML
  Rendering layout layouts/application.html.erb
  Rendering articles/index.html.erb within layouts/application
  [1m[36mArticle Load (0.1ms)[0m  [1m[34mSELECT "articles".* FROM "articles"[0m
  ↳ app/views/articles/index.html.erb:6
  Rendered articles/_article.html.erb (Duration: 0.1ms | Allocations: 23)
  Rendered articles/index.html.erb within layouts/application (Duration: 2.5ms | Allocations: 895)
  Rendered layout layouts/application.html.erb (Duration: 13.3ms | Allocations: 3408)
Completed 200 OK in 18ms (Views: 14.3ms | ActiveRecord: 0.1ms | Allocations: 3702)


Started GET "/articles/new" for ::1 at 2023-03-15 15:09:18 -0300
Processing by ArticlesController#new as HTML
  Rendering layout layouts/application.html.erb
  Rendering articles/new.html.erb within layouts/application
  Rendered articles/_form.html.erb (Duration: 1.4ms | Allocations: 1447)
  Rendered articles/new.html.erb within layouts/application (Duration: 4.6ms | Allocations: 1536)
  Rendered layout layouts/application.html.erb (Duration: 9.6ms | Allocations: 4049)
Completed 200 OK in 13ms (Views: 10.4ms | ActiveRecord: 0.0ms | Allocations: 4347)


Started GET "/articles/new" for ::1 at 2023-03-15 15:09:44 -0300
Processing by ArticlesController#new as HTML
  Rendering layout layouts/application.html.erb
  Rendering articles/new.html.erb within layouts/application
  Rendered articles/_form.html.erb (Duration: 3.8ms | Allocations: 1895)
  Rendered articles/new.html.erb within layouts/application (Duration: 11.1ms | Allocations: 2184)
  Rendered layout layouts/application.html.erb (Duration: 17.9ms | Allocations: 4952)
Completed 200 OK in 28ms (Views: 23.8ms | ActiveRecord: 0.0ms | Allocations: 5702)


Started GET "/articles/new" for ::1 at 2023-03-15 15:11:03 -0300
Processing by ArticlesController#new as HTML
  Rendering layout layouts/application.html.erb
  Rendering articles/new.html.erb within layouts/application
  Rendered articles/_form.html.erb (Duration: 2.2ms | Allocations: 1904)
  Rendered articles/new.html.erb within layouts/application (Duration: 3.7ms | Allocations: 2193)
  Rendered layout layouts/application.html.erb (Duration: 10.4ms | Allocations: 4962)
Completed 200 OK in 20ms (Views: 16.1ms | ActiveRecord: 0.0ms | Allocations: 5713)


Started GET "/articles" for ::1 at 2023-03-15 15:11:04 -0300
Processing by ArticlesController#index as HTML
  Rendering layout layouts/application.html.erb
  Rendering articles/index.html.erb within layouts/application
  [1m[36mArticle Load (0.3ms)[0m  [1m[34mSELECT "articles".* FROM "articles"[0m
  ↳ app/views/articles/index.html.erb:6
  Rendered articles/_article.html.erb (Duration: 0.9ms | Allocations: 208)
  Rendered articles/index.html.erb within layouts/application (Duration: 9.4ms | Allocations: 1382)
  Rendered layout layouts/application.html.erb (Duration: 16.3ms | Allocations: 3895)
Completed 200 OK in 23ms (Views: 17.1ms | ActiveRecord: 0.3ms | Allocations: 4266)


Started GET "/articles" for ::1 at 2023-03-15 15:11:06 -0300
Processing by ArticlesController#index as HTML
  Rendering layout layouts/application.html.erb
  Rendering articles/index.html.erb within layouts/application
  [1m[36mArticle Load (0.1ms)[0m  [1m[34mSELECT "articles".* FROM "articles"[0m
  ↳ app/views/articles/index.html.erb:6
  Rendered articles/_article.html.erb (Duration: 0.1ms | Allocations: 23)
  Rendered articles/index.html.erb within layouts/application (Duration: 2.5ms | Allocations: 891)
  Rendered layout layouts/application.html.erb (Duration: 7.5ms | Allocations: 3404)
Completed 200 OK in 12ms (Views: 8.6ms | ActiveRecord: 0.1ms | Allocations: 3692)


Started GET "/articles/1" for ::1 at 2023-03-15 15:11:09 -0300
Processing by ArticlesController#show as HTML
  Parameters: {"id"=>"1"}
  [1m[36mArticle Load (0.1ms)[0m  [1m[34mSELECT "articles".* FROM "articles" WHERE "articles"."id" = ? LIMIT ?[0m  [["id", 1], ["LIMIT", 1]]
  ↳ app/controllers/articles_controller.rb:63:in `set_article'
  Rendering layout layouts/application.html.erb
  Rendering articles/show.html.erb within layouts/application
  Rendered articles/_article.html.erb (Duration: 0.1ms | Allocations: 23)
  Rendered articles/show.html.erb within layouts/application (Duration: 1.5ms | Allocations: 726)
  Rendered layout layouts/application.html.erb (Duration: 6.1ms | Allocations: 3231)
Completed 200 OK in 11ms (Views: 7.0ms | ActiveRecord: 0.1ms | Allocations: 4070)


Started GET "/articles" for ::1 at 2023-03-15 15:11:14 -0300
Processing by ArticlesController#index as HTML
  Rendering layout layouts/application.html.erb
  Rendering articles/index.html.erb within layouts/application
  [1m[36mArticle Load (0.4ms)[0m  [1m[34mSELECT "articles".* FROM "articles"[0m
  ↳ app/views/articles/index.html.erb:6
  Rendered articles/_article.html.erb (Duration: 0.1ms | Allocations: 23)
  Rendered articles/index.html.erb within layouts/application (Duration: 3.1ms | Allocations: 885)
  Rendered layout layouts/application.html.erb (Duration: 14.5ms | Allocations: 3398)
Completed 200 OK in 20ms (Views: 15.8ms | ActiveRecord: 0.4ms | Allocations: 3688)


Started GET "/articles/new" for ::1 at 2023-03-15 15:11:15 -0300
Processing by ArticlesController#new as HTML
  Rendering layout layouts/application.html.erb
  Rendering articles/new.html.erb within layouts/application
  Rendered articles/_form.html.erb (Duration: 2.1ms | Allocations: 1434)
  Rendered articles/new.html.erb within layouts/application (Duration: 2.9ms | Allocations: 1523)
  Rendered layout layouts/application.html.erb (Duration: 7.5ms | Allocations: 4053)
Completed 200 OK in 10ms (Views: 8.3ms | ActiveRecord: 0.0ms | Allocations: 4348)


Started GET "/articles" for ::1 at 2023-03-15 15:11:18 -0300
Processing by ArticlesController#index as HTML
  Rendering layout layouts/application.html.erb
  Rendering articles/index.html.erb within layouts/application
  [1m[36mArticle Load (0.1ms)[0m  [1m[34mSELECT "articles".* FROM "articles"[0m
  ↳ app/views/articles/index.html.erb:6
  Rendered articles/_article.html.erb (Duration: 0.1ms | Allocations: 23)
  Rendered articles/index.html.erb within layouts/application (Duration: 2.0ms | Allocations: 906)
  Rendered layout layouts/application.html.erb (Duration: 7.3ms | Allocations: 3433)
Completed 200 OK in 13ms (Views: 8.2ms | ActiveRecord: 0.1ms | Allocations: 3723)


Started GET "/articles/new" for ::1 at 2023-03-15 15:11:39 -0300
Processing by ArticlesController#new as HTML
  Rendering layout layouts/application.html.erb
  Rendering articles/new.html.erb within layouts/application
  Rendered articles/_form.html.erb (Duration: 2.1ms | Allocations: 1895)
  Rendered articles/new.html.erb within layouts/application (Duration: 5.2ms | Allocations: 2187)
  Rendered layout layouts/application.html.erb (Duration: 10.6ms | Allocations: 4955)
Completed 200 OK in 22ms (Views: 17.7ms | ActiveRecord: 0.0ms | Allocations: 5708)


Started POST "/articles" for ::1 at 2023-03-15 15:11:58 -0300
Processing by ArticlesController#create as TURBO_STREAM
  Parameters: {"authenticity_token"=>"[FILTERED]", "article"=>{"title"=>"dams", "gender"=>"aventura", "rate"=>"7.8", "Description"=>"jogo de tabuleiro"}, "commit"=>"Create Article"}
  [1m[36mTRANSACTION (0.0ms)[0m  [1m[36mbegin transaction[0m
  ↳ app/controllers/articles_controller.rb:27:in `block in create'
  [1m[36mArticle Create (3.9ms)[0m  [1m[32mINSERT INTO "articles" ("title", "gender", "rate", "Description", "created_at", "updated_at") VALUES (?, ?, ?, ?, ?, ?)[0m  [["title", "dams"], ["gender", "aventura"], ["rate", 7.8], ["Description", "jogo de tabuleiro"], ["created_at", "2023-03-15 18:11:58.678933"], ["updated_at", "2023-03-15 18:11:58.678933"]]
  ↳ app/controllers/articles_controller.rb:27:in `block in create'
  [1m[36mTRANSACTION (4.2ms)[0m  [1m[36mcommit transaction[0m
  ↳ app/controllers/articles_controller.rb:27:in `block in create'
Redirected to http://localhost:3000/articles/2
Completed 302 Found in 15ms (ActiveRecord: 8.1ms | Allocations: 2287)


Started GET "/articles/2" for ::1 at 2023-03-15 15:11:58 -0300
Processing by ArticlesController#show as TURBO_STREAM
  Parameters: {"id"=>"2"}
  [1m[36mArticle Load (0.1ms)[0m  [1m[34mSELECT "articles".* FROM "articles" WHERE "articles"."id" = ? LIMIT ?[0m  [["id", 2], ["LIMIT", 1]]
  ↳ app/controllers/articles_controller.rb:63:in `set_article'
  Rendering layout layouts/application.html.erb
  Rendering articles/show.html.erb within layouts/application
  Rendered articles/_article.html.erb (Duration: 0.5ms | Allocations: 208)
  Rendered articles/show.html.erb within layouts/application (Duration: 3.4ms | Allocations: 1105)
  Rendered layout layouts/application.html.erb (Duration: 7.7ms | Allocations: 3610)
Completed 200 OK in 15ms (Views: 8.4ms | ActiveRecord: 0.1ms | Allocations: 4489)


Started GET "/articles" for ::1 at 2023-03-15 15:12:02 -0300
Processing by ArticlesController#index as HTML
  Rendering layout layouts/application.html.erb
  Rendering articles/index.html.erb within layouts/application
  [1m[36mArticle Load (0.3ms)[0m  [1m[34mSELECT "articles".* FROM "articles"[0m
  ↳ app/views/articles/index.html.erb:6
  Rendered articles/_article.html.erb (Duration: 0.1ms | Allocations: 23)
  Rendered articles/_article.html.erb (Duration: 0.0ms | Allocations: 22)
  Rendered articles/index.html.erb within layouts/application (Duration: 3.5ms | Allocations: 1239)
  Rendered layout layouts/application.html.erb (Duration: 8.4ms | Allocations: 3752)
Completed 200 OK in 14ms (Views: 9.3ms | ActiveRecord: 0.3ms | Allocations: 4122)


Started GET "/articles/new" for ::1 at 2023-03-15 15:12:06 -0300
Processing by ArticlesController#new as HTML
  Rendering layout layouts/application.html.erb
  Rendering articles/new.html.erb within layouts/application
  Rendered articles/_form.html.erb (Duration: 1.7ms | Allocations: 1449)
  Rendered articles/new.html.erb within layouts/application (Duration: 2.3ms | Allocations: 1538)
  Rendered layout layouts/application.html.erb (Duration: 10.3ms | Allocations: 4051)
Completed 200 OK in 16ms (Views: 12.0ms | ActiveRecord: 0.0ms | Allocations: 4345)


Started POST "/articles" for ::1 at 2023-03-15 15:12:23 -0300
Processing by ArticlesController#create as TURBO_STREAM
  Parameters: {"authenticity_token"=>"[FILTERED]", "article"=>{"title"=>"forca", "gender"=>"terror", "rate"=>"9.1", "Description"=>"jogo de advinhacao"}, "commit"=>"Create Article"}
  [1m[36mTRANSACTION (0.0ms)[0m  [1m[36mbegin transaction[0m
  ↳ app/controllers/articles_controller.rb:27:in `block in create'
  [1m[36mArticle Create (4.1ms)[0m  [1m[32mINSERT INTO "articles" ("title", "gender", "rate", "Description", "created_at", "updated_at") VALUES (?, ?, ?, ?, ?, ?)[0m  [["title", "forca"], ["gender", "terror"], ["rate", 9.1], ["Description", "jogo de advinhacao"], ["created_at", "2023-03-15 18:12:23.618861"], ["updated_at", "2023-03-15 18:12:23.618861"]]
  ↳ app/controllers/articles_controller.rb:27:in `block in create'
  [1m[36mTRANSACTION (4.5ms)[0m  [1m[36mcommit transaction[0m
  ↳ app/controllers/articles_controller.rb:27:in `block in create'
Redirected to http://localhost:3000/articles/3
Completed 302 Found in 15ms (ActiveRecord: 8.6ms | Allocations: 2305)


Started GET "/articles/3" for ::1 at 2023-03-15 15:12:23 -0300
Processing by ArticlesController#show as TURBO_STREAM
  Parameters: {"id"=>"3"}
  [1m[36mArticle Load (0.3ms)[0m  [1m[34mSELECT "articles".* FROM "articles" WHERE "articles"."id" = ? LIMIT ?[0m  [["id", 3], ["LIMIT", 1]]
  ↳ app/controllers/articles_controller.rb:63:in `set_article'
  Rendering layout layouts/application.html.erb
  Rendering articles/show.html.erb within layouts/application
  Rendered articles/_article.html.erb (Duration: 0.1ms | Allocations: 23)
  Rendered articles/show.html.erb within layouts/application (Duration: 1.3ms | Allocations: 597)
  Rendered layout layouts/application.html.erb (Duration: 9.4ms | Allocations: 3103)
Completed 200 OK in 16ms (Views: 10.4ms | ActiveRecord: 0.3ms | Allocations: 3863)


Started GET "/articles" for ::1 at 2023-03-15 15:12:25 -0300
Processing by ArticlesController#index as HTML
  Rendering layout layouts/application.html.erb
  Rendering articles/index.html.erb within layouts/application
  [1m[36mArticle Load (0.1ms)[0m  [1m[34mSELECT "articles".* FROM "articles"[0m
  ↳ app/views/articles/index.html.erb:6
  Rendered articles/_article.html.erb (Duration: 0.1ms | Allocations: 23)
  Rendered articles/_article.html.erb (Duration: 0.0ms | Allocations: 22)
  Rendered articles/_article.html.erb (Duration: 0.0ms | Allocations: 22)
  Rendered articles/index.html.erb within layouts/application (Duration: 3.0ms | Allocations: 1178)
  Rendered layout layouts/application.html.erb (Duration: 9.8ms | Allocations: 3691)
Completed 200 OK in 13ms (Views: 10.8ms | ActiveRecord: 0.1ms | Allocations: 3981)


Started GET "/articles" for ::1 at 2023-03-15 15:13:29 -0300
Processing by ArticlesController#index as HTML
  Rendering layout layouts/application.html.erb
  Rendering articles/index.html.erb within layouts/application
  [1m[36mArticle Load (0.2ms)[0m  [1m[34mSELECT "articles".* FROM "articles"[0m
  ↳ app/views/articles/index.html.erb:6
  Rendered articles/_article.html.erb (Duration: 0.4ms | Allocations: 211)
  Rendered articles/_article.html.erb (Duration: 0.0ms | Allocations: 22)
  Rendered articles/_article.html.erb (Duration: 0.0ms | Allocations: 22)
  Rendered articles/index.html.erb within layouts/application (Duration: 8.1ms | Allocations: 1698)
  Rendered layout layouts/application.html.erb (Duration: 15.7ms | Allocations: 4487)
Completed 200 OK in 27ms (Views: 21.2ms | ActiveRecord: 0.2ms | Allocations: 5259)


Started GET "/articles/1" for ::1 at 2023-03-15 15:13:35 -0300
Processing by ArticlesController#show as HTML
  Parameters: {"id"=>"1"}
  [1m[36mArticle Load (0.1ms)[0m  [1m[34mSELECT "articles".* FROM "articles" WHERE "articles"."id" = ? LIMIT ?[0m  [["id", 1], ["LIMIT", 1]]
  ↳ app/controllers/articles_controller.rb:63:in `set_article'
  Rendering layout layouts/application.html.erb
  Rendering articles/show.html.erb within layouts/application
  Rendered articles/_article.html.erb (Duration: 0.1ms | Allocations: 23)
  Rendered articles/show.html.erb within layouts/application (Duration: 1.5ms | Allocations: 732)
  Rendered layout layouts/application.html.erb (Duration: 6.6ms | Allocations: 3251)
Completed 200 OK in 12ms (Views: 7.7ms | ActiveRecord: 0.1ms | Allocations: 4091)


Started GET "/articles" for ::1 at 2023-03-15 15:13:38 -0300
Processing by ArticlesController#index as HTML
  Rendering layout layouts/application.html.erb
  Rendering articles/index.html.erb within layouts/application
  [1m[36mArticle Load (0.1ms)[0m  [1m[34mSELECT "articles".* FROM "articles"[0m
  ↳ app/views/articles/index.html.erb:6
  Rendered articles/_article.html.erb (Duration: 0.1ms | Allocations: 23)
  Rendered articles/_article.html.erb (Duration: 0.0ms | Allocations: 22)
  Rendered articles/_article.html.erb (Duration: 0.0ms | Allocations: 22)
  Rendered articles/index.html.erb within layouts/application (Duration: 3.0ms | Allocations: 1181)
  Rendered layout layouts/application.html.erb (Duration: 8.6ms | Allocations: 3694)
Completed 200 OK in 15ms (Views: 9.8ms | ActiveRecord: 0.1ms | Allocations: 3985)


Started GET "/articles/new" for ::1 at 2023-03-15 15:13:41 -0300
Processing by ArticlesController#new as HTML
  Rendering layout layouts/application.html.erb
  Rendering articles/new.html.erb within layouts/application
  Rendered articles/_form.html.erb (Duration: 4.3ms | Allocations: 1861)
  Rendered articles/new.html.erb within layouts/application (Duration: 7.3ms | Allocations: 2136)
  Rendered layout layouts/application.html.erb (Duration: 13.8ms | Allocations: 4649)
Completed 200 OK in 18ms (Views: 14.8ms | ActiveRecord: 0.0ms | Allocations: 4998)


Started GET "/articles" for ::1 at 2023-03-15 15:13:45 -0300
Processing by ArticlesController#index as HTML
  Rendering layout layouts/application.html.erb
  Rendering articles/index.html.erb within layouts/application
  [1m[36mArticle Load (0.1ms)[0m  [1m[34mSELECT "articles".* FROM "articles"[0m
  ↳ app/views/articles/index.html.erb:6
  Rendered articles/_article.html.erb (Duration: 0.1ms | Allocations: 23)
  Rendered articles/_article.html.erb (Duration: 0.0ms | Allocations: 22)
  Rendered articles/_article.html.erb (Duration: 0.0ms | Allocations: 22)
  Rendered articles/index.html.erb within layouts/application (Duration: 3.1ms | Allocations: 1187)
  Rendered layout layouts/application.html.erb (Duration: 12.8ms | Allocations: 3700)
Completed 200 OK in 16ms (Views: 13.7ms | ActiveRecord: 0.1ms | Allocations: 3990)


Started GET "/articles/3" for ::1 at 2023-03-15 15:13:47 -0300
Processing by ArticlesController#show as HTML
  Parameters: {"id"=>"3"}
  [1m[36mArticle Load (0.1ms)[0m  [1m[34mSELECT "articles".* FROM "articles" WHERE "articles"."id" = ? LIMIT ?[0m  [["id", 3], ["LIMIT", 1]]
  ↳ app/controllers/articles_controller.rb:63:in `set_article'
  Rendering layout layouts/application.html.erb
  Rendering articles/show.html.erb within layouts/application
  Rendered articles/_article.html.erb (Duration: 0.1ms | Allocations: 23)
  Rendered articles/show.html.erb within layouts/application (Duration: 1.1ms | Allocations: 570)
  Rendered layout layouts/application.html.erb (Duration: 5.9ms | Allocations: 3075)
Completed 200 OK in 10ms (Views: 6.8ms | ActiveRecord: 0.1ms | Allocations: 3834)


Started DELETE "/articles/3" for ::1 at 2023-03-15 15:13:48 -0300
Processing by ArticlesController#destroy as TURBO_STREAM
  Parameters: {"authenticity_token"=>"[FILTERED]", "id"=>"3"}
  [1m[36mArticle Load (0.2ms)[0m  [1m[34mSELECT "articles".* FROM "articles" WHERE "articles"."id" = ? LIMIT ?[0m  [["id", 3], ["LIMIT", 1]]
  ↳ app/controllers/articles_controller.rb:63:in `set_article'
  [1m[36mTRANSACTION (0.0ms)[0m  [1m[36mbegin transaction[0m
  ↳ app/controllers/articles_controller.rb:52:in `destroy'
  [1m[36mArticle Destroy (3.3ms)[0m  [1m[31mDELETE FROM "articles" WHERE "articles"."id" = ?[0m  [["id", 3]]
  ↳ app/controllers/articles_controller.rb:52:in `destroy'
  [1m[36mTRANSACTION (4.3ms)[0m  [1m[36mcommit transaction[0m
  ↳ app/controllers/articles_controller.rb:52:in `destroy'
Redirected to http://localhost:3000/articles
Completed 302 Found in 16ms (ActiveRecord: 7.9ms | Allocations: 2486)


Started GET "/articles" for ::1 at 2023-03-15 15:13:48 -0300
Processing by ArticlesController#index as TURBO_STREAM
  Rendering layout layouts/application.html.erb
  Rendering articles/index.html.erb within layouts/application
  [1m[36mArticle Load (0.1ms)[0m  [1m[34mSELECT "articles".* FROM "articles"[0m
  ↳ app/views/articles/index.html.erb:6
  Rendered articles/_article.html.erb (Duration: 0.1ms | Allocations: 23)
  Rendered articles/_article.html.erb (Duration: 0.0ms | Allocations: 22)
  Rendered articles/index.html.erb within layouts/application (Duration: 2.5ms | Allocations: 1097)
  Rendered layout layouts/application.html.erb (Duration: 7.1ms | Allocations: 3610)
Completed 200 OK in 9ms (Views: 7.7ms | ActiveRecord: 0.1ms | Allocations: 3939)


Started GET "/articles" for ::1 at 2023-03-15 15:13:54 -0300
Processing by ArticlesController#index as HTML
  Rendering layout layouts/application.html.erb
  Rendering articles/index.html.erb within layouts/application
  [1m[36mArticle Load (0.2ms)[0m  [1m[34mSELECT "articles".* FROM "articles"[0m
  ↳ app/views/articles/index.html.erb:6
  Rendered articles/_article.html.erb (Duration: 0.1ms | Allocations: 23)
  Rendered articles/_article.html.erb (Duration: 0.0ms | Allocations: 22)
  Rendered articles/index.html.erb within layouts/application (Duration: 2.7ms | Allocations: 1036)
  Rendered layout layouts/application.html.erb (Duration: 8.0ms | Allocations: 3550)
Completed 200 OK in 11ms (Views: 8.8ms | ActiveRecord: 0.2ms | Allocations: 3838)


